<?xml version="1.0" ?>
<!DOCTYPE coverage SYSTEM "http://cobertura.sourceforge.net/xml/coverage-04.dtd">
<coverage lines-valid="225" lines-covered="163" line-rate="0.7243999999999999" branches-valid="72" branches-covered="3" branch-rate="0.0416" timestamp="1633091643853" complexity="0" version="0.1">
  <sources>
    <source>/Volumes/Developments/Researchs/CV/learning-heshan-ngrx</source>
  </sources>
  <packages>
    <package name="app" line-rate="0.9615" branch-rate="0.5">
      <classes>
        <class name="app-routing.module.ts" filename="src/app/app-routing.module.ts" line-rate="0.875" branch-rate="1">
          <methods>
            <method name="(anonymous_0)" hits="0" signature="()V">
              <lines>
                <line number="18" hits="0"/>
              </lines>
            </method>
            <method name="(anonymous_1)" hits="0" signature="()V">
              <lines>
                <line number="18" hits="0"/>
              </lines>
            </method>
            <method name="(anonymous_2)" hits="0" signature="()V">
              <lines>
                <line number="18" hits="0"/>
              </lines>
            </method>
          </methods>
          <lines>
            <line number="1" hits="1" branch="false"/>
            <line number="2" hits="1" branch="false"/>
            <line number="3" hits="1" branch="false"/>
            <line number="4" hits="1" branch="false"/>
            <line number="5" hits="1" branch="false"/>
            <line number="7" hits="1" branch="false"/>
            <line number="18" hits="0" branch="false"/>
            <line number="34" hits="1" branch="false"/>
          </lines>
        </class>
        <class name="app.component.html" filename="src/app/app.component.html" line-rate="1" branch-rate="1">
          <methods>
          </methods>
          <lines>
            <line number="1" hits="2" branch="false"/>
          </lines>
        </class>
        <class name="app.component.ts" filename="src/app/app.component.ts" line-rate="1" branch-rate="1">
          <methods>
            <method name="(anonymous_0)" hits="1" signature="()V">
              <lines>
                <line number="8" hits="1"/>
              </lines>
            </method>
          </methods>
          <lines>
            <line number="1" hits="2" branch="false"/>
            <line number="8" hits="2" branch="false"/>
            <line number="9" hits="1" branch="false"/>
          </lines>
        </class>
        <class name="app.module.ts" filename="src/app/app.module.ts" line-rate="1" branch-rate="0.5">
          <methods>
          </methods>
          <lines>
            <line number="1" hits="1" branch="false"/>
            <line number="2" hits="1" branch="false"/>
            <line number="4" hits="1" branch="false"/>
            <line number="5" hits="1" branch="false"/>
            <line number="6" hits="1" branch="false"/>
            <line number="7" hits="1" branch="false"/>
            <line number="8" hits="1" branch="false"/>
            <line number="9" hits="1" branch="false"/>
            <line number="10" hits="1" branch="false"/>
            <line number="11" hits="1" branch="false"/>
            <line number="12" hits="1" branch="false"/>
            <line number="13" hits="1" branch="false"/>
            <line number="14" hits="1" branch="false"/>
            <line number="34" hits="1" branch="false"/>
          </lines>
        </class>
      </classes>
    </package>
    <package name="app.base.add-charts-dialog" line-rate="0.6086" branch-rate="0">
      <classes>
        <class name="add-charts-dialog.component.html" filename="src/app/base/add-charts-dialog/add-charts-dialog.component.html" line-rate="1" branch-rate="1">
          <methods>
          </methods>
          <lines>
            <line number="1" hits="2" branch="false"/>
          </lines>
        </class>
        <class name="add-charts-dialog.component.ts" filename="src/app/base/add-charts-dialog/add-charts-dialog.component.ts" line-rate="0.5909" branch-rate="0">
          <methods>
            <method name="(anonymous_0)" hits="1" signature="()V">
              <lines>
                <line number="18" hits="1"/>
              </lines>
            </method>
            <method name="(anonymous_1)" hits="1" signature="()V">
              <lines>
                <line number="30" hits="1"/>
              </lines>
            </method>
            <method name="(anonymous_2)" hits="1" signature="()V">
              <lines>
                <line number="32" hits="1"/>
              </lines>
            </method>
            <method name="(anonymous_3)" hits="0" signature="()V">
              <lines>
                <line number="38" hits="0"/>
              </lines>
            </method>
            <method name="(anonymous_4)" hits="2" signature="()V">
              <lines>
                <line number="43" hits="2"/>
              </lines>
            </method>
            <method name="(anonymous_5)" hits="0" signature="()V">
              <lines>
                <line number="47" hits="0"/>
              </lines>
            </method>
            <method name="(anonymous_6)" hits="0" signature="()V">
              <lines>
                <line number="53" hits="0"/>
              </lines>
            </method>
          </methods>
          <lines>
            <line number="1" hits="2" branch="false"/>
            <line number="2" hits="2" branch="false"/>
            <line number="3" hits="2" branch="false"/>
            <line number="4" hits="2" branch="false"/>
            <line number="7" hits="2" branch="false"/>
            <line number="14" hits="2" branch="false"/>
            <line number="19" hits="1" branch="false"/>
            <line number="20" hits="1" branch="false"/>
            <line number="21" hits="1" branch="false"/>
            <line number="22" hits="1" branch="false"/>
            <line number="24" hits="1" branch="false"/>
            <line number="33" hits="1" branch="false"/>
            <line number="39" hits="0" branch="false"/>
            <line number="40" hits="0" branch="false"/>
            <line number="44" hits="2" branch="false"/>
            <line number="48" hits="0" branch="true" condition-coverage="0% (0/2)"/>
            <line number="49" hits="0" branch="false"/>
            <line number="51" hits="0" branch="true" condition-coverage="0% (0/4)"/>
            <line number="53" hits="0" branch="false"/>
            <line number="54" hits="0" branch="true" condition-coverage="0% (0/4)"/>
            <line number="57" hits="0" branch="false"/>
            <line number="58" hits="0" branch="false"/>
          </lines>
        </class>
      </classes>
    </package>
    <package name="app.base.base-layout" line-rate="1" branch-rate="1">
      <classes>
        <class name="base-layout.component.html" filename="src/app/base/base-layout/base-layout.component.html" line-rate="1" branch-rate="1">
          <methods>
          </methods>
          <lines>
            <line number="1" hits="2" branch="false"/>
          </lines>
        </class>
        <class name="base-layout.component.ts" filename="src/app/base/base-layout/base-layout.component.ts" line-rate="1" branch-rate="1">
          <methods>
            <method name="(anonymous_0)" hits="1" signature="()V">
              <lines>
                <line number="10" hits="1"/>
              </lines>
            </method>
            <method name="(anonymous_1)" hits="1" signature="()V">
              <lines>
                <line number="12" hits="1"/>
              </lines>
            </method>
          </methods>
          <lines>
            <line number="1" hits="2" branch="false"/>
            <line number="8" hits="2" branch="false"/>
          </lines>
        </class>
      </classes>
    </package>
    <package name="app.base.dashboard" line-rate="0.4578" branch-rate="0">
      <classes>
        <class name="dashboard.component.html" filename="src/app/base/dashboard/dashboard.component.html" line-rate="1" branch-rate="1">
          <methods>
          </methods>
          <lines>
            <line number="1" hits="1" branch="false"/>
          </lines>
        </class>
        <class name="dashboard.component.ts" filename="src/app/base/dashboard/dashboard.component.ts" line-rate="0.4512" branch-rate="0">
          <methods>
            <method name="(anonymous_0)" hits="7" signature="()V">
              <lines>
                <line number="78" hits="7"/>
              </lines>
            </method>
            <method name="(anonymous_1)" hits="0" signature="()V">
              <lines>
                <line number="76" hits="0"/>
              </lines>
            </method>
            <method name="(anonymous_2)" hits="7" signature="()V">
              <lines>
                <line number="91" hits="7"/>
              </lines>
            </method>
            <method name="(anonymous_3)" hits="0" signature="()V">
              <lines>
                <line number="94" hits="0"/>
              </lines>
            </method>
            <method name="(anonymous_4)" hits="0" signature="()V">
              <lines>
                <line number="96" hits="0"/>
              </lines>
            </method>
            <method name="(anonymous_5)" hits="0" signature="()V">
              <lines>
                <line number="101" hits="0"/>
              </lines>
            </method>
            <method name="(anonymous_6)" hits="0" signature="()V">
              <lines>
                <line number="109" hits="0"/>
              </lines>
            </method>
            <method name="(anonymous_7)" hits="0" signature="()V">
              <lines>
                <line number="117" hits="0"/>
              </lines>
            </method>
            <method name="(anonymous_8)" hits="0" signature="()V">
              <lines>
                <line number="131" hits="0"/>
              </lines>
            </method>
            <method name="(anonymous_9)" hits="0" signature="()V">
              <lines>
                <line number="145" hits="0"/>
              </lines>
            </method>
            <method name="(anonymous_10)" hits="0" signature="()V">
              <lines>
                <line number="152" hits="0"/>
              </lines>
            </method>
            <method name="(anonymous_11)" hits="0" signature="()V">
              <lines>
                <line number="160" hits="0"/>
              </lines>
            </method>
            <method name="(anonymous_12)" hits="0" signature="()V">
              <lines>
                <line number="169" hits="0"/>
              </lines>
            </method>
            <method name="(anonymous_13)" hits="0" signature="()V">
              <lines>
                <line number="177" hits="0"/>
              </lines>
            </method>
            <method name="(anonymous_14)" hits="0" signature="()V">
              <lines>
                <line number="178" hits="0"/>
              </lines>
            </method>
            <method name="(anonymous_15)" hits="0" signature="()V">
              <lines>
                <line number="178" hits="0"/>
              </lines>
            </method>
            <method name="(anonymous_16)" hits="0" signature="()V">
              <lines>
                <line number="182" hits="0"/>
              </lines>
            </method>
            <method name="(anonymous_17)" hits="0" signature="()V">
              <lines>
                <line number="189" hits="0"/>
              </lines>
            </method>
            <method name="(anonymous_18)" hits="0" signature="()V">
              <lines>
                <line number="190" hits="0"/>
              </lines>
            </method>
            <method name="(anonymous_19)" hits="0" signature="()V">
              <lines>
                <line number="191" hits="0"/>
              </lines>
            </method>
            <method name="(anonymous_20)" hits="0" signature="()V">
              <lines>
                <line number="231" hits="0"/>
              </lines>
            </method>
            <method name="(anonymous_21)" hits="6" signature="()V">
              <lines>
                <line number="239" hits="6"/>
              </lines>
            </method>
          </methods>
          <lines>
            <line number="1" hits="1" branch="false"/>
            <line number="2" hits="1" branch="false"/>
            <line number="3" hits="1" branch="false"/>
            <line number="4" hits="1" branch="false"/>
            <line number="7" hits="1" branch="false"/>
            <line number="9" hits="1" branch="false"/>
            <line number="10" hits="1" branch="false"/>
            <line number="11" hits="1" branch="false"/>
            <line number="14" hits="1" branch="false"/>
            <line number="15" hits="1" branch="false"/>
            <line number="16" hits="1" branch="false"/>
            <line number="17" hits="1" branch="false"/>
            <line number="18" hits="1" branch="false"/>
            <line number="26" hits="1" branch="false"/>
            <line number="28" hits="7" branch="false"/>
            <line number="34" hits="7" branch="false"/>
            <line number="35" hits="7" branch="false"/>
            <line number="38" hits="7" branch="false"/>
            <line number="41" hits="7" branch="false"/>
            <line number="42" hits="7" branch="false"/>
            <line number="43" hits="7" branch="false"/>
            <line number="49" hits="7" branch="false"/>
            <line number="50" hits="7" branch="false"/>
            <line number="51" hits="7" branch="false"/>
            <line number="68" hits="7" branch="false"/>
            <line number="76" hits="0" branch="false"/>
            <line number="79" hits="7" branch="false"/>
            <line number="80" hits="7" branch="false"/>
            <line number="81" hits="7" branch="false"/>
            <line number="84" hits="7" branch="false"/>
            <line number="85" hits="7" branch="false"/>
            <line number="86" hits="7" branch="false"/>
            <line number="87" hits="7" branch="false"/>
            <line number="88" hits="7" branch="false"/>
            <line number="92" hits="7" branch="false"/>
            <line number="95" hits="0" branch="false"/>
            <line number="96" hits="0" branch="false"/>
            <line number="99" hits="7" branch="false"/>
            <line number="102" hits="0" branch="false"/>
            <line number="110" hits="0" branch="false"/>
            <line number="112" hits="0" branch="false"/>
            <line number="113" hits="0" branch="false"/>
            <line number="117" hits="0" branch="false"/>
            <line number="118" hits="0" branch="false"/>
            <line number="119" hits="0" branch="true" condition-coverage="0% (0/6)"/>
            <line number="121" hits="0" branch="false"/>
            <line number="123" hits="0" branch="false"/>
            <line number="124" hits="0" branch="false"/>
            <line number="132" hits="0" branch="false"/>
            <line number="136" hits="0" branch="true" condition-coverage="0% (0/4)"/>
            <line number="137" hits="0" branch="false"/>
            <line number="138" hits="0" branch="true" condition-coverage="0% (0/4)"/>
            <line number="146" hits="0" branch="true" condition-coverage="0% (0/2)"/>
            <line number="153" hits="0" branch="false"/>
            <line number="154" hits="0" branch="false"/>
            <line number="161" hits="0" branch="false"/>
            <line number="162" hits="0" branch="false"/>
            <line number="163" hits="0" branch="false"/>
            <line number="170" hits="0" branch="false"/>
            <line number="171" hits="0" branch="false"/>
            <line number="178" hits="0" branch="false"/>
            <line number="180" hits="0" branch="false"/>
            <line number="183" hits="0" branch="false"/>
            <line number="184" hits="0" branch="true" condition-coverage="0% (0/2)"/>
            <line number="185" hits="0" branch="true" condition-coverage="0% (0/8)"/>
            <line number="186" hits="0" branch="true" condition-coverage="0% (0/8)"/>
            <line number="188" hits="0" branch="false"/>
            <line number="189" hits="0" branch="false"/>
            <line number="190" hits="0" branch="false"/>
            <line number="191" hits="0" branch="false"/>
            <line number="192" hits="0" branch="true" condition-coverage="0% (0/4)"/>
            <line number="193" hits="0" branch="false"/>
            <line number="195" hits="0" branch="false"/>
            <line number="198" hits="0" branch="false"/>
            <line number="223" hits="0" branch="false"/>
            <line number="232" hits="0" branch="true" condition-coverage="0% (0/4)"/>
            <line number="233" hits="0" branch="true" condition-coverage="0% (0/4)"/>
            <line number="234" hits="0" branch="true" condition-coverage="0% (0/4)"/>
            <line number="235" hits="0" branch="false"/>
            <line number="236" hits="0" branch="false"/>
            <line number="240" hits="6" branch="false"/>
            <line number="241" hits="6" branch="false"/>
          </lines>
        </class>
      </classes>
    </package>
    <package name="app.base.enum" line-rate="1" branch-rate="1">
      <classes>
        <class name="chart-datatype.enum.ts" filename="src/app/base/enum/chart-datatype.enum.ts" line-rate="1" branch-rate="1">
          <methods>
            <method name="(anonymous_0)" hits="1" signature="()V">
              <lines>
                <line number="1" hits="1"/>
              </lines>
            </method>
          </methods>
          <lines>
            <line number="1" hits="1" branch="true" condition-coverage="100% (2/2)"/>
            <line number="2" hits="1" branch="false"/>
          </lines>
        </class>
      </classes>
    </package>
    <package name="app.base.store" line-rate="1" branch-rate="1">
      <classes>
        <class name="index.ts" filename="src/app/base/store/index.ts" line-rate="1" branch-rate="1">
          <methods>
            <method name="(anonymous_0)" hits="14" signature="()V">
              <lines>
                <line number="17" hits="14"/>
              </lines>
            </method>
            <method name="(anonymous_1)" hits="14" signature="()V">
              <lines>
                <line number="21" hits="14"/>
              </lines>
            </method>
          </methods>
          <lines>
            <line number="1" hits="1" branch="false"/>
            <line number="2" hits="1" branch="false"/>
            <line number="3" hits="1" branch="false"/>
            <line number="10" hits="1" branch="false"/>
            <line number="15" hits="1" branch="false"/>
            <line number="16" hits="1" branch="false"/>
            <line number="17" hits="14" branch="false"/>
            <line number="20" hits="1" branch="false"/>
            <line number="21" hits="14" branch="false"/>
            <line number="24" hits="1" branch="false"/>
            <line number="25" hits="1" branch="false"/>
            <line number="26" hits="1" branch="false"/>
            <line number="28" hits="1" branch="false"/>
            <line number="29" hits="1" branch="false"/>
            <line number="30" hits="1" branch="false"/>
          </lines>
        </class>
      </classes>
    </package>
    <package name="app.base.store.actions" line-rate="1" branch-rate="1">
      <classes>
        <class name="chartdata.actions.ts" filename="src/app/base/store/actions/chartdata.actions.ts" line-rate="1" branch-rate="1">
          <methods>
          </methods>
          <lines>
            <line number="1" hits="2" branch="false"/>
            <line number="4" hits="2" branch="false"/>
            <line number="5" hits="2" branch="false"/>
          </lines>
        </class>
        <class name="tabdata.actions.ts" filename="src/app/base/store/actions/tabdata.actions.ts" line-rate="1" branch-rate="1">
          <methods>
          </methods>
          <lines>
            <line number="2" hits="1" branch="false"/>
            <line number="5" hits="1" branch="false"/>
            <line number="9" hits="1" branch="false"/>
            <line number="14" hits="1" branch="false"/>
            <line number="19" hits="1" branch="false"/>
            <line number="24" hits="1" branch="false"/>
          </lines>
        </class>
      </classes>
    </package>
    <package name="app.base.store.reducers" line-rate="0.7406999999999999" branch-rate="1">
      <classes>
        <class name="chartdata.reducer.ts" filename="src/app/base/store/reducers/chartdata.reducer.ts" line-rate="0.8332999999999999" branch-rate="1">
          <methods>
            <method name="(anonymous_0)" hits="0" signature="()V">
              <lines>
                <line number="24" hits="0"/>
              </lines>
            </method>
            <method name="(anonymous_1)" hits="0" signature="()V">
              <lines>
                <line number="25" hits="0"/>
              </lines>
            </method>
            <method name="(anonymous_2)" hits="0" signature="()V">
              <lines>
                <line number="28" hits="0"/>
              </lines>
            </method>
            <method name="(anonymous_3)" hits="0" signature="()V">
              <lines>
                <line number="29" hits="0"/>
              </lines>
            </method>
            <method name="(anonymous_4)" hits="0" signature="()V">
              <lines>
                <line number="30" hits="0"/>
              </lines>
            </method>
          </methods>
          <lines>
            <line number="1" hits="1" branch="false"/>
            <line number="2" hits="1" branch="false"/>
            <line number="4" hits="1" branch="false"/>
            <line number="5" hits="1" branch="false"/>
            <line number="8" hits="1" branch="false"/>
            <line number="16" hits="1" branch="false"/>
            <line number="22" hits="1" branch="false"/>
            <line number="24" hits="0" branch="false"/>
            <line number="25" hits="0" branch="false"/>
            <line number="28" hits="1" branch="false"/>
            <line number="29" hits="1" branch="false"/>
            <line number="30" hits="1" branch="false"/>
          </lines>
        </class>
        <class name="tabdata.reducer.ts" filename="src/app/base/store/reducers/tabdata.reducer.ts" line-rate="0.6666" branch-rate="1">
          <methods>
            <method name="(anonymous_0)" hits="0" signature="()V">
              <lines>
                <line number="23" hits="0"/>
              </lines>
            </method>
            <method name="(anonymous_1)" hits="0" signature="()V">
              <lines>
                <line number="25" hits="0"/>
              </lines>
            </method>
            <method name="(anonymous_2)" hits="0" signature="()V">
              <lines>
                <line number="27" hits="0"/>
              </lines>
            </method>
            <method name="(anonymous_3)" hits="0" signature="()V">
              <lines>
                <line number="29" hits="0"/>
              </lines>
            </method>
            <method name="(anonymous_4)" hits="0" signature="()V">
              <lines>
                <line number="34" hits="0"/>
              </lines>
            </method>
            <method name="(anonymous_5)" hits="0" signature="()V">
              <lines>
                <line number="47" hits="0"/>
              </lines>
            </method>
            <method name="(anonymous_6)" hits="0" signature="()V">
              <lines>
                <line number="48" hits="0"/>
              </lines>
            </method>
          </methods>
          <lines>
            <line number="1" hits="1" branch="false"/>
            <line number="2" hits="1" branch="false"/>
            <line number="4" hits="1" branch="false"/>
            <line number="5" hits="1" branch="false"/>
            <line number="13" hits="1" branch="false"/>
            <line number="15" hits="1" branch="false"/>
            <line number="20" hits="1" branch="false"/>
            <line number="23" hits="0" branch="false"/>
            <line number="25" hits="0" branch="false"/>
            <line number="27" hits="0" branch="false"/>
            <line number="29" hits="0" branch="false"/>
            <line number="34" hits="0" branch="false"/>
            <line number="40" hits="1" branch="false"/>
            <line number="47" hits="1" branch="false"/>
            <line number="48" hits="1" branch="false"/>
          </lines>
        </class>
      </classes>
    </package>
    <package name="app.shared" line-rate="1" branch-rate="1">
      <classes>
        <class name="material.module.ts" filename="src/app/shared/material.module.ts" line-rate="1" branch-rate="1">
          <methods>
          </methods>
          <lines>
            <line number="1" hits="4" branch="false"/>
            <line number="2" hits="4" branch="false"/>
            <line number="9" hits="4" branch="false"/>
            <line number="10" hits="4" branch="false"/>
            <line number="11" hits="4" branch="false"/>
            <line number="13" hits="4" branch="false"/>
            <line number="15" hits="4" branch="false"/>
            <line number="18" hits="4" branch="false"/>
            <line number="20" hits="4" branch="false"/>
            <line number="21" hits="4" branch="false"/>
            <line number="22" hits="4" branch="false"/>
            <line number="23" hits="4" branch="false"/>
            <line number="26" hits="4" branch="false"/>
            <line number="27" hits="4" branch="false"/>
            <line number="28" hits="4" branch="false"/>
            <line number="29" hits="4" branch="false"/>
            <line number="30" hits="4" branch="false"/>
            <line number="32" hits="4" branch="false"/>
            <line number="33" hits="4" branch="false"/>
            <line number="34" hits="4" branch="false"/>
            <line number="40" hits="4" branch="false"/>
            <line number="68" hits="4" branch="false"/>
          </lines>
        </class>
        <class name="shared.module.ts" filename="src/app/shared/shared.module.ts" line-rate="1" branch-rate="1">
          <methods>
          </methods>
          <lines>
            <line number="1" hits="4" branch="false"/>
            <line number="2" hits="4" branch="false"/>
            <line number="3" hits="4" branch="false"/>
            <line number="4" hits="4" branch="false"/>
            <line number="5" hits="4" branch="false"/>
            <line number="6" hits="4" branch="false"/>
            <line number="23" hits="4" branch="false"/>
          </lines>
        </class>
      </classes>
    </package>
    <package name="app.shared.navbar" line-rate="1" branch-rate="1">
      <classes>
        <class name="navbar.component.html" filename="src/app/shared/navbar/navbar.component.html" line-rate="1" branch-rate="1">
          <methods>
          </methods>
          <lines>
            <line number="1" hits="4" branch="false"/>
          </lines>
        </class>
        <class name="navbar.component.ts" filename="src/app/shared/navbar/navbar.component.ts" line-rate="1" branch-rate="1">
          <methods>
            <method name="(anonymous_0)" hits="2" signature="()V">
              <lines>
                <line number="10" hits="2"/>
              </lines>
            </method>
            <method name="(anonymous_1)" hits="2" signature="()V">
              <lines>
                <line number="12" hits="2"/>
              </lines>
            </method>
          </methods>
          <lines>
            <line number="1" hits="4" branch="false"/>
            <line number="8" hits="4" branch="false"/>
          </lines>
        </class>
      </classes>
    </package>
    <package name="app.shared.statemanagement" line-rate="1" branch-rate="1">
      <classes>
        <class name="root.reducer.ts" filename="src/app/shared/statemanagement/root.reducer.ts" line-rate="1" branch-rate="1">
          <methods>
          </methods>
          <lines>
            <line number="1" hits="1" branch="false"/>
            <line number="3" hits="1" branch="false"/>
            <line number="9" hits="1" branch="false"/>
            <line number="13" hits="1" branch="false"/>
          </lines>
        </class>
      </classes>
    </package>
    <package name="environments" line-rate="1" branch-rate="1">
      <classes>
        <class name="environment.ts" filename="src/environments/environment.ts" line-rate="1" branch-rate="1">
          <methods>
          </methods>
          <lines>
            <line number="5" hits="1" branch="false"/>
          </lines>
        </class>
      </classes>
    </package>
  </packages>
</coverage>
